Using pre-set license
Built from '2021.3/staging' branch; Version is '2021.3.4f1 (cb45f9cae8b7) revision 13321721'; Using compiler version '192829333'; Build Type 'Release'
OS: 'Windows 10  (10.0.19044) 64bit Core' Language: 'en' Physical Memory: 16333 MB
BatchMode: 1, IsHumanControllingUs: 0, StartBugReporterOnCrash: 0, Is64bit: 1, IsPro: 1

COMMAND LINE ARGUMENTS:
E:\Programs\UnityHub\2021.3.4f1\Editor\Unity.exe
-adb2
-batchMode
-noUpm
-name
AssetImportWorker3
-projectPath
D:/Documents/1/projects/sunrise/My project
-logFile
Logs/AssetImportWorker3.log
-srvPort
62186
Successfully changed project path to: D:/Documents/1/projects/sunrise/My project
D:/Documents/1/projects/sunrise/My project
[UnityMemory] Configuration Parameters - Can be set up in boot.config
    "memorysetup-bucket-allocator-granularity=16"
    "memorysetup-bucket-allocator-bucket-count=8"
    "memorysetup-bucket-allocator-block-size=33554432"
    "memorysetup-bucket-allocator-block-count=8"
    "memorysetup-main-allocator-block-size=16777216"
    "memorysetup-thread-allocator-block-size=16777216"
    "memorysetup-gfx-main-allocator-block-size=16777216"
    "memorysetup-gfx-thread-allocator-block-size=16777216"
    "memorysetup-cache-allocator-block-size=4194304"
    "memorysetup-typetree-allocator-block-size=2097152"
    "memorysetup-profiler-bucket-allocator-granularity=16"
    "memorysetup-profiler-bucket-allocator-bucket-count=8"
    "memorysetup-profiler-bucket-allocator-block-size=33554432"
    "memorysetup-profiler-bucket-allocator-block-count=8"
    "memorysetup-profiler-allocator-block-size=16777216"
    "memorysetup-profiler-editor-allocator-block-size=1048576"
    "memorysetup-temp-allocator-size-main=16777216"
    "memorysetup-job-temp-allocator-block-size=2097152"
    "memorysetup-job-temp-allocator-block-size-background=1048576"
    "memorysetup-job-temp-allocator-reduction-small-platforms=262144"
    "memorysetup-temp-allocator-size-background-worker=32768"
    "memorysetup-temp-allocator-size-job-worker=262144"
    "memorysetup-temp-allocator-size-preload-manager=33554432"
    "memorysetup-temp-allocator-size-nav-mesh-worker=65536"
    "memorysetup-temp-allocator-size-audio-worker=65536"
    "memorysetup-temp-allocator-size-cloud-worker=32768"
    "memorysetup-temp-allocator-size-gi-baking-worker=262144"
    "memorysetup-temp-allocator-size-gfx=262144"
Refreshing native plugins compatible for Editor in 115.04 ms, found 4 plugins.
Preloading 0 native plugins for Editor in 0.00 ms.
Initialize engine version: 2021.3.4f1 (cb45f9cae8b7)
[Subsystems] Discovering subsystems at path E:/Programs/UnityHub/2021.3.4f1/Editor/Data/Resources/UnitySubsystems
[Subsystems] Discovering subsystems at path D:/Documents/1/projects/sunrise/My project/Assets
GfxDevice: creating device client; threaded=0; jobified=0
Direct3D:
    Version:  Direct3D 11.0 [level 11.1]
    Renderer: NVIDIA GeForce RTX 2060 (ID=0x1f08)
    Vendor:   NVIDIA
    VRAM:     5980 MB
    Driver:   30.0.14.7111
Initialize mono
Mono path[0] = 'E:/Programs/UnityHub/2021.3.4f1/Editor/Data/Managed'
Mono path[1] = 'E:/Programs/UnityHub/2021.3.4f1/Editor/Data/MonoBleedingEdge/lib/mono/unityjit-win32'
Mono config path = 'E:/Programs/UnityHub/2021.3.4f1/Editor/Data/MonoBleedingEdge/etc'
Using monoOptions --debugger-agent=transport=dt_socket,embedding=1,server=y,suspend=n,address=127.0.0.1:56252
Begin MonoManager ReloadAssembly
Registering precompiled unity dll's ...
Register platform support module: E:/Programs/UnityHub/2021.3.4f1/Editor/Data/PlaybackEngines/WebGLSupport/UnityEditor.WebGL.Extensions.dll
Register platform support module: E:/Programs/UnityHub/2021.3.4f1/Editor/Data/PlaybackEngines/WindowsStandaloneSupport/UnityEditor.WindowsStandalone.Extensions.dll
Registered in 0.002993 seconds.
Native extension for WindowsStandalone target not found
Native extension for WebGL target not found
Refreshing native plugins compatible for Editor in 95.97 ms, found 4 plugins.
Preloading 0 native plugins for Editor in 0.00 ms.
Mono: successfully reloaded assembly
- Completed reload, in  0.571 seconds
Domain Reload Profiling:
	ReloadAssembly (571ms)
		BeginReloadAssembly (63ms)
			ExecutionOrderSort (0ms)
			DisableScriptedObjects (0ms)
			BackupInstance (0ms)
			ReleaseScriptingObjects (0ms)
			CreateAndSetChildDomain (1ms)
		EndReloadAssembly (413ms)
			LoadAssemblies (62ms)
			RebuildTransferFunctionScriptingTraits (0ms)
			SetupTypeCache (89ms)
			ReleaseScriptCaches (0ms)
			RebuildScriptCaches (24ms)
			SetupLoadedEditorAssemblies (260ms)
				LogAssemblyErrors (0ms)
				InitializePlatformSupportModulesInManaged (7ms)
				SetLoadedEditorAssemblies (0ms)
				RefreshPlugins (96ms)
				BeforeProcessingInitializeOnLoad (1ms)
				ProcessInitializeOnLoadAttributes (118ms)
				ProcessInitializeOnLoadMethodAttributes (37ms)
				AfterProcessingInitializeOnLoad (0ms)
				EditorAssembliesLoaded (0ms)
			ExecutionOrderSort2 (0ms)
			AwakeInstancesAfterBackupRestoration (0ms)
Platform modules already initialized, skipping
Registering precompiled user dll's ...
Registered in 0.005334 seconds.
Begin MonoManager ReloadAssembly
Symbol file LoadedFromMemory doesn't match image D:\Documents\1\projects\sunrise\My project\Library\PackageCache\com.unity.visualscripting@1.7.8\Editor\VisualScripting.Core\Dependencies\YamlDotNet\Unity.VisualScripting.YamlDotNet.dll
Symbol file LoadedFromMemory doesn't match image D:\Documents\1\projects\sunrise\My project\Library\PackageCache\com.unity.visualscripting@1.7.8\Editor\VisualScripting.Core\Dependencies\DotNetZip\Unity.VisualScripting.IonicZip.dll
Native extension for WindowsStandalone target not found
Native extension for WebGL target not found
Refreshing native plugins compatible for Editor in 102.96 ms, found 4 plugins.
Preloading 0 native plugins for Editor in 0.00 ms.
Mono: successfully reloaded assembly
- Completed reload, in  1.185 seconds
Domain Reload Profiling:
	ReloadAssembly (1197ms)
		BeginReloadAssembly (97ms)
			ExecutionOrderSort (0ms)
			DisableScriptedObjects (5ms)
			BackupInstance (0ms)
			ReleaseScriptingObjects (0ms)
			CreateAndSetChildDomain (20ms)
		EndReloadAssembly (999ms)
			LoadAssemblies (74ms)
			RebuildTransferFunctionScriptingTraits (0ms)
			SetupTypeCache (252ms)
			ReleaseScriptCaches (1ms)
			RebuildScriptCaches (60ms)
			SetupLoadedEditorAssemblies (557ms)
				LogAssemblyErrors (0ms)
				InitializePlatformSupportModulesInManaged (4ms)
				SetLoadedEditorAssemblies (0ms)
				RefreshPlugins (103ms)
				BeforeProcessingInitializeOnLoad (133ms)
				ProcessInitializeOnLoadAttributes (269ms)
				ProcessInitializeOnLoadMethodAttributes (45ms)
				AfterProcessingInitializeOnLoad (3ms)
				EditorAssembliesLoaded (0ms)
			ExecutionOrderSort2 (0ms)
			AwakeInstancesAfterBackupRestoration (7ms)
Platform modules already initialized, skipping
========================================================================
Worker process is ready to serve import requests
Launched and connected shader compiler UnityShaderCompiler.exe after 0.05 seconds
Refreshing native plugins compatible for Editor in 1.12 ms, found 4 plugins.
Preloading 0 native plugins for Editor in 0.00 ms.
Unloading 4063 Unused Serialized files (Serialized files now loaded: 0)
Unloading 44 unused Assets / (222.8 KB). Loaded Objects now: 4512.
Memory consumption went from 151.3 MB to 151.1 MB.
Total: 4.234400 ms (FindLiveObjects: 0.558300 ms CreateObjectMapping: 0.120800 ms MarkObjects: 3.354100 ms  DeleteObjects: 0.198500 ms)

AssetImportParameters requested are different than current active one (requested -> active):
  custom:video-decoder-ogg-theora: a1e56fd34408186e4bbccfd4996cb3dc -> 
  custom:container-muxer-webm: aa71ff27fc2769a1b78a27578f13a17b -> 
  custom:container-demuxer-webm: 4f35f7cbe854078d1ac9338744f61a02 -> 
  custom:video-encoder-webm-vp8: eb34c28f22e8b96e1ab97ce403110664 -> 
  custom:audio-encoder-webm-vorbis: bf7c407c2cedff20999df2af8eb42d56 -> 
  custom:framework-win-MediaFoundation: 216162199b28c13a410421893ffa2e32 -> 
  custom:container-demuxer-ogg: 62fdf1f143b41e24485cea50d1cbac27 -> 
  custom:video-decoder-webm-vp8: 9c59270c3fd7afecdb556c50c9e8de78 -> 
  custom:audio-decoder-ogg-vorbis: bf7c407c2cedff20999df2af8eb42d56 -> 
========================================================================
Received Import Request.
  Time since last request: 3244.596296 seconds.
  path: Assets/Cainos/Pixel Art Top Down - Basic/Tile Palette/TP Wall/TX Shadow Tileset Wall 2.asset
  artifactKey: Guid(2f3b07d6ad9eccc47b6cd451a5df9a45) Importer(815301076,1909f56bfc062723c751e8b465ee728b)
Start importing Assets/Cainos/Pixel Art Top Down - Basic/Tile Palette/TP Wall/TX Shadow Tileset Wall 2.asset using Guid(2f3b07d6ad9eccc47b6cd451a5df9a45) Importer(815301076,1909f56bfc062723c751e8b465ee728b)  -> (artifact id: '3fdc7ad21f4d2b74fe90bd6971c60ba4') in 0.069937 seconds 
========================================================================
Received Import Request.
  Time since last request: 0.000036 seconds.
  path: Assets/Cainos/Pixel Art Top Down - Basic/Tile Palette/TP Wall/TX Tileset Wall_2.asset
  artifactKey: Guid(c30a836c12b5ca046b8850c5500adff0) Importer(815301076,1909f56bfc062723c751e8b465ee728b)
Start importing Assets/Cainos/Pixel Art Top Down - Basic/Tile Palette/TP Wall/TX Tileset Wall_2.asset using Guid(c30a836c12b5ca046b8850c5500adff0) Importer(815301076,1909f56bfc062723c751e8b465ee728b)  -> (artifact id: '6317a1672c75bf0ecbc8ea4d64643656') in 0.007129 seconds 
========================================================================
Received Import Request.
  Time since last request: 0.000020 seconds.
  path: Assets/Cainos/Pixel Art Top Down - Basic/Tile Palette/TP Wall/TX Tileset Wall_31.asset
  artifactKey: Guid(f6d4829a6950ff94e85270d3fa1f75ed) Importer(815301076,1909f56bfc062723c751e8b465ee728b)
Start importing Assets/Cainos/Pixel Art Top Down - Basic/Tile Palette/TP Wall/TX Tileset Wall_31.asset using Guid(f6d4829a6950ff94e85270d3fa1f75ed) Importer(815301076,1909f56bfc062723c751e8b465ee728b)  -> (artifact id: '751f220175a3adc79a101a7377fa4ce6') in 0.007708 seconds 
========================================================================
Received Import Request.
  Time since last request: 0.000018 seconds.
  path: Assets/Cainos/Pixel Art Top Down - Basic/Tile Palette/TP Wall/TX Tileset Wall_59.asset
  artifactKey: Guid(d1b36f97a21780343bae80aa0501ed33) Importer(815301076,1909f56bfc062723c751e8b465ee728b)
Start importing Assets/Cainos/Pixel Art Top Down - Basic/Tile Palette/TP Wall/TX Tileset Wall_59.asset using Guid(d1b36f97a21780343bae80aa0501ed33) Importer(815301076,1909f56bfc062723c751e8b465ee728b)  -> (artifact id: 'c23f4629cdea3d19a4244b1973328615') in 0.006627 seconds 
========================================================================
Received Import Request.
  Time since last request: 0.000021 seconds.
  path: Assets/Cainos/Pixel Art Top Down - Basic/Tile Palette/TP Wall/TX Tileset Wall_6.asset
  artifactKey: Guid(9cfe2171135f120429c700c27662a5d0) Importer(815301076,1909f56bfc062723c751e8b465ee728b)
Start importing Assets/Cainos/Pixel Art Top Down - Basic/Tile Palette/TP Wall/TX Tileset Wall_6.asset using Guid(9cfe2171135f120429c700c27662a5d0) Importer(815301076,1909f56bfc062723c751e8b465ee728b)  -> (artifact id: '51e1686a4c96ec7d3ebbdd84b1e95c16') in 0.007473 seconds 
========================================================================
Received Import Request.
  Time since last request: 0.000025 seconds.
  path: Assets/Cainos/Pixel Art Top Down - Basic/Tile Palette/TP Wall/TX Tileset Wall_24.asset
  artifactKey: Guid(2660ccf03c140484bae5749a058153f6) Importer(815301076,1909f56bfc062723c751e8b465ee728b)
Start importing Assets/Cainos/Pixel Art Top Down - Basic/Tile Palette/TP Wall/TX Tileset Wall_24.asset using Guid(2660ccf03c140484bae5749a058153f6) Importer(815301076,1909f56bfc062723c751e8b465ee728b)  -> (artifact id: 'e34bf450082880dafe9e81d3ec991676') in 0.007210 seconds 
========================================================================
Received Import Request.
  Time since last request: 0.000019 seconds.
  path: Assets/Cainos/Pixel Art Top Down - Basic/Tile Palette/TP Wall/TX Tileset Wall_49.asset
  artifactKey: Guid(0746a94badf11734cb00883121ea7f96) Importer(815301076,1909f56bfc062723c751e8b465ee728b)
Start importing Assets/Cainos/Pixel Art Top Down - Basic/Tile Palette/TP Wall/TX Tileset Wall_49.asset using Guid(0746a94badf11734cb00883121ea7f96) Importer(815301076,1909f56bfc062723c751e8b465ee728b)  -> (artifact id: '3f811032780f80a910ca60551e4691e0') in 0.026157 seconds 
========================================================================
Received Import Request.
  Time since last request: 0.000017 seconds.
  path: Assets/Cainos/Pixel Art Top Down - Basic/Tile Palette/TP Wall/TX Tileset Wall_54.asset
  artifactKey: Guid(4c98f0c7991a6af4784c33b1da8d20c3) Importer(815301076,1909f56bfc062723c751e8b465ee728b)
Start importing Assets/Cainos/Pixel Art Top Down - Basic/Tile Palette/TP Wall/TX Tileset Wall_54.asset using Guid(4c98f0c7991a6af4784c33b1da8d20c3) Importer(815301076,1909f56bfc062723c751e8b465ee728b)  -> (artifact id: '4bf1d6089a2eb94b336459fd5f3b517e') in 0.006894 seconds 
========================================================================
Received Import Request.
  Time since last request: 0.000021 seconds.
  path: Assets/Cainos/Pixel Art Top Down - Basic/Tile Palette/TP Wall/TX Tileset Wall_43.asset
  artifactKey: Guid(ada4c775f3d0f8e459af2867f50f7b33) Importer(815301076,1909f56bfc062723c751e8b465ee728b)
Start importing Assets/Cainos/Pixel Art Top Down - Basic/Tile Palette/TP Wall/TX Tileset Wall_43.asset using Guid(ada4c775f3d0f8e459af2867f50f7b33) Importer(815301076,1909f56bfc062723c751e8b465ee728b)  -> (artifact id: '6044ab9aa91ed6b0f85ad1731229869a') in 0.007142 seconds 
========================================================================
Received Import Request.
  Time since last request: 0.000019 seconds.
  path: Assets/Cainos/Pixel Art Top Down - Basic/Tile Palette/TP Wall/TX Tileset Wall_8.asset
  artifactKey: Guid(ffa3466f9c9d64241a5dfed873df45ce) Importer(815301076,1909f56bfc062723c751e8b465ee728b)
Start importing Assets/Cainos/Pixel Art Top Down - Basic/Tile Palette/TP Wall/TX Tileset Wall_8.asset using Guid(ffa3466f9c9d64241a5dfed873df45ce) Importer(815301076,1909f56bfc062723c751e8b465ee728b)  -> (artifact id: 'f871fcf601e19dac5dc029b255993c0c') in 0.007166 seconds 
========================================================================
Received Import Request.
  Time since last request: 0.000022 seconds.
  path: Assets/Cainos/Pixel Art Top Down - Basic/Tile Palette/TP Wall/TX Tileset Wall_42.asset
  artifactKey: Guid(083f670d86161df46808cdc2e1eb02ab) Importer(815301076,1909f56bfc062723c751e8b465ee728b)
Start importing Assets/Cainos/Pixel Art Top Down - Basic/Tile Palette/TP Wall/TX Tileset Wall_42.asset using Guid(083f670d86161df46808cdc2e1eb02ab) Importer(815301076,1909f56bfc062723c751e8b465ee728b)  -> (artifact id: 'fe52463787e80e944007e4f38423c829') in 0.008142 seconds 
========================================================================
Received Import Request.
  Time since last request: 0.000028 seconds.
  path: Assets/Cainos/Pixel Art Top Down - Basic/Tile Palette/TP Wall/TX Tileset Wall_46.asset
  artifactKey: Guid(ca8588300bdb03149a3be05ab743ed56) Importer(815301076,1909f56bfc062723c751e8b465ee728b)
Start importing Assets/Cainos/Pixel Art Top Down - Basic/Tile Palette/TP Wall/TX Tileset Wall_46.asset using Guid(ca8588300bdb03149a3be05ab743ed56) Importer(815301076,1909f56bfc062723c751e8b465ee728b)  -> (artifact id: '34f9acfcb15cc7bb44ce8b43549bd4c1') in 0.007343 seconds 
========================================================================
Received Import Request.
  Time since last request: 0.000024 seconds.
  path: Assets/Cainos/Pixel Art Top Down - Basic/Tile Palette/TP Wall/TX Tileset Wall_28.asset
  artifactKey: Guid(18cbc117f3291f642b4ac9ca0aa22178) Importer(815301076,1909f56bfc062723c751e8b465ee728b)
Start importing Assets/Cainos/Pixel Art Top Down - Basic/Tile Palette/TP Wall/TX Tileset Wall_28.asset using Guid(18cbc117f3291f642b4ac9ca0aa22178) Importer(815301076,1909f56bfc062723c751e8b465ee728b)  -> (artifact id: 'f58667befb4c694638cc98d8c2567be2') in 0.007238 seconds 
========================================================================
Received Import Request.
  Time since last request: 0.000024 seconds.
  path: Assets/Cainos/Pixel Art Top Down - Basic/Tile Palette/TP Wall/TX Tileset Wall_21.asset
  artifactKey: Guid(ab73d3ec979561b4680d6746b4c7f4c6) Importer(815301076,1909f56bfc062723c751e8b465ee728b)
Start importing Assets/Cainos/Pixel Art Top Down - Basic/Tile Palette/TP Wall/TX Tileset Wall_21.asset using Guid(ab73d3ec979561b4680d6746b4c7f4c6) Importer(815301076,1909f56bfc062723c751e8b465ee728b)  -> (artifact id: '99d222291b0652f4d9869645cb32ecd1') in 0.007121 seconds 
========================================================================
Received Import Request.
  Time since last request: 0.000031 seconds.
  path: Assets/Cainos/Pixel Art Top Down - Basic/Tile Palette/TP Wall/TX Tileset Wall_26.asset
  artifactKey: Guid(482f111f39d0bb54587ed8f02772d8d6) Importer(815301076,1909f56bfc062723c751e8b465ee728b)
Start importing Assets/Cainos/Pixel Art Top Down - Basic/Tile Palette/TP Wall/TX Tileset Wall_26.asset using Guid(482f111f39d0bb54587ed8f02772d8d6) Importer(815301076,1909f56bfc062723c751e8b465ee728b)  -> (artifact id: 'f1b6be9566d4649f6b882ff02eaa75ff') in 0.008218 seconds 
========================================================================
Received Import Request.
  Time since last request: 0.000025 seconds.
  path: Assets/Cainos/Pixel Art Top Down - Basic/Tile Palette/TP Wall/TX Tileset Wall_48.asset
  artifactKey: Guid(590e2b09452a4594994d97cbc5d5a3e3) Importer(815301076,1909f56bfc062723c751e8b465ee728b)
Start importing Assets/Cainos/Pixel Art Top Down - Basic/Tile Palette/TP Wall/TX Tileset Wall_48.asset using Guid(590e2b09452a4594994d97cbc5d5a3e3) Importer(815301076,1909f56bfc062723c751e8b465ee728b)  -> (artifact id: '0a8d22a587a9afe8e0b0c5eedce4334e') in 0.007310 seconds 
========================================================================
Received Import Request.
  Time since last request: 0.000028 seconds.
  path: Assets/Cainos/Pixel Art Top Down - Basic/Tile Palette/TP Wall/TX Tileset Wall_11.asset
  artifactKey: Guid(36e182cf0ef2dec409ddaf4c55dad76e) Importer(815301076,1909f56bfc062723c751e8b465ee728b)
Start importing Assets/Cainos/Pixel Art Top Down - Basic/Tile Palette/TP Wall/TX Tileset Wall_11.asset using Guid(36e182cf0ef2dec409ddaf4c55dad76e) Importer(815301076,1909f56bfc062723c751e8b465ee728b)  -> (artifact id: '14052e25602e2d5b7bf26baad36d0996') in 0.006891 seconds 
========================================================================
Received Import Request.
  Time since last request: 0.000025 seconds.
  path: Assets/Cainos/Pixel Art Top Down - Basic/Tile Palette/TP Wall/TX Tileset Wall_12.asset
  artifactKey: Guid(6320326b04ba6144f9e518073c3a753d) Importer(815301076,1909f56bfc062723c751e8b465ee728b)
Start importing Assets/Cainos/Pixel Art Top Down - Basic/Tile Palette/TP Wall/TX Tileset Wall_12.asset using Guid(6320326b04ba6144f9e518073c3a753d) Importer(815301076,1909f56bfc062723c751e8b465ee728b)  -> (artifact id: '036174372953eac7bd483ab1205999d6') in 0.007087 seconds 
========================================================================
Received Import Request.
  Time since last request: 0.000021 seconds.
  path: Assets/Cainos/Pixel Art Top Down - Basic/Tile Palette/TP Wall/TX Tileset Wall_19.asset
  artifactKey: Guid(593e9d35d4ade4041a13ab33b9a1040f) Importer(815301076,1909f56bfc062723c751e8b465ee728b)
Start importing Assets/Cainos/Pixel Art Top Down - Basic/Tile Palette/TP Wall/TX Tileset Wall_19.asset using Guid(593e9d35d4ade4041a13ab33b9a1040f) Importer(815301076,1909f56bfc062723c751e8b465ee728b)  -> (artifact id: '03896c5e970b797a85dc5cd38a9ac4b5') in 0.007299 seconds 
========================================================================
Received Import Request.
  Time since last request: 0.000022 seconds.
  path: Assets/Cainos/Pixel Art Top Down - Basic/Tile Palette/TP Wall/TX Tileset Wall_35.asset
  artifactKey: Guid(6008c5e0b4430914e81e97e42cb887da) Importer(815301076,1909f56bfc062723c751e8b465ee728b)
Start importing Assets/Cainos/Pixel Art Top Down - Basic/Tile Palette/TP Wall/TX Tileset Wall_35.asset using Guid(6008c5e0b4430914e81e97e42cb887da) Importer(815301076,1909f56bfc062723c751e8b465ee728b)  -> (artifact id: 'c1230c06bf01f9902e9ac9f75da5bd81') in 0.006797 seconds 
========================================================================
Received Import Request.
  Time since last request: 0.000022 seconds.
  path: Assets/Cainos/Pixel Art Top Down - Basic/Tile Palette/TP Wall/TX Tileset Wall_37.asset
  artifactKey: Guid(36928b9ff4f11f543833d3dbad299083) Importer(815301076,1909f56bfc062723c751e8b465ee728b)
Start importing Assets/Cainos/Pixel Art Top Down - Basic/Tile Palette/TP Wall/TX Tileset Wall_37.asset using Guid(36928b9ff4f11f543833d3dbad299083) Importer(815301076,1909f56bfc062723c751e8b465ee728b)  -> (artifact id: '6010e22eb7afecb2ba0ba30e4092fae9') in 0.007482 seconds 
========================================================================
Received Import Request.
  Time since last request: 0.000037 seconds.
  path: Assets/Cainos/Pixel Art Top Down - Basic/Tile Palette/TP Wall/TX Tileset Wall_30.asset
  artifactKey: Guid(5c0720cf3f2e0fd40ab1e12cd776ccdc) Importer(815301076,1909f56bfc062723c751e8b465ee728b)
Start importing Assets/Cainos/Pixel Art Top Down - Basic/Tile Palette/TP Wall/TX Tileset Wall_30.asset using Guid(5c0720cf3f2e0fd40ab1e12cd776ccdc) Importer(815301076,1909f56bfc062723c751e8b465ee728b)  -> (artifact id: '3aabc25898b8c1ce81385fd27ab87062') in 0.006425 seconds 
========================================================================
Received Import Request.
  Time since last request: 0.000026 seconds.
  path: Assets/Cainos/Pixel Art Top Down - Basic/Tile Palette/TP Wall/TX Tileset Wall_34.asset
  artifactKey: Guid(3e71cd8fd02745948b1ad875522f5f72) Importer(815301076,1909f56bfc062723c751e8b465ee728b)
Start importing Assets/Cainos/Pixel Art Top Down - Basic/Tile Palette/TP Wall/TX Tileset Wall_34.asset using Guid(3e71cd8fd02745948b1ad875522f5f72) Importer(815301076,1909f56bfc062723c751e8b465ee728b)  -> (artifact id: 'e09d2fbe13ab142cf126451e687a7b04') in 0.006885 seconds 
========================================================================
Received Import Request.
  Time since last request: 0.000023 seconds.
  path: Assets/Cainos/Pixel Art Top Down - Basic/Tile Palette/TP Wall/TX Tileset Wall_40.asset
  artifactKey: Guid(f0efd6c3ea0abaa4c906ce6de5e78168) Importer(815301076,1909f56bfc062723c751e8b465ee728b)
Start importing Assets/Cainos/Pixel Art Top Down - Basic/Tile Palette/TP Wall/TX Tileset Wall_40.asset using Guid(f0efd6c3ea0abaa4c906ce6de5e78168) Importer(815301076,1909f56bfc062723c751e8b465ee728b)  -> (artifact id: '60c30cc75d5f93fdf7027e69875f8f46') in 0.007646 seconds 
========================================================================
Received Import Request.
  Time since last request: 0.000029 seconds.
  path: Assets/Cainos/Pixel Art Top Down - Basic/Tile Palette/TP Wall/TX Tileset Wall_56.asset
  artifactKey: Guid(5fe40d7b004adde4293bdf59101e1f97) Importer(815301076,1909f56bfc062723c751e8b465ee728b)
Start importing Assets/Cainos/Pixel Art Top Down - Basic/Tile Palette/TP Wall/TX Tileset Wall_56.asset using Guid(5fe40d7b004adde4293bdf59101e1f97) Importer(815301076,1909f56bfc062723c751e8b465ee728b)  -> (artifact id: '0951d0a5dbc2b21aaa7e9930eeded0a3') in 0.006496 seconds 
========================================================================
Received Import Request.
  Time since last request: 0.000029 seconds.
  path: Assets/Cainos/Pixel Art Top Down - Basic/Tile Palette/TP Wall/TX Tileset Wall_4.asset
  artifactKey: Guid(b6bf52d8442ce1847a688215b6ba04da) Importer(815301076,1909f56bfc062723c751e8b465ee728b)
Start importing Assets/Cainos/Pixel Art Top Down - Basic/Tile Palette/TP Wall/TX Tileset Wall_4.asset using Guid(b6bf52d8442ce1847a688215b6ba04da) Importer(815301076,1909f56bfc062723c751e8b465ee728b)  -> (artifact id: 'a00f79c6977ae89a86600453c642ef5c') in 0.007136 seconds 
========================================================================
Received Import Request.
  Time since last request: 0.000029 seconds.
  path: Assets/Cainos/Pixel Art Top Down - Basic/Tile Palette/TP Wall/TX Shadow Tileset Wall 4.asset
  artifactKey: Guid(e787fdd8f60de2c4eb002b7e8cd621fb) Importer(815301076,1909f56bfc062723c751e8b465ee728b)
Start importing Assets/Cainos/Pixel Art Top Down - Basic/Tile Palette/TP Wall/TX Shadow Tileset Wall 4.asset using Guid(e787fdd8f60de2c4eb002b7e8cd621fb) Importer(815301076,1909f56bfc062723c751e8b465ee728b)  -> (artifact id: 'acc45ebd07598491976ffed3e81fb785') in 0.007439 seconds 
========================================================================
Received Import Request.
  Time since last request: 0.000022 seconds.
  path: Assets/Cainos/Pixel Art Top Down - Basic/Tile Palette/TP Wall/TX Tileset Wall_16.asset
  artifactKey: Guid(503914639ae436b4e82c313961715c35) Importer(815301076,1909f56bfc062723c751e8b465ee728b)
Start importing Assets/Cainos/Pixel Art Top Down - Basic/Tile Palette/TP Wall/TX Tileset Wall_16.asset using Guid(503914639ae436b4e82c313961715c35) Importer(815301076,1909f56bfc062723c751e8b465ee728b)  -> (artifact id: 'dfa72f5dba88c8061317a5dabb9ccccf') in 0.008103 seconds 
========================================================================
Received Import Request.
  Time since last request: 0.000018 seconds.
  path: Assets/Cainos/Pixel Art Top Down - Basic/Tile Palette/TP Wall/TX Tileset Wall_17.asset
  artifactKey: Guid(91cb03f8c22d3984389f65d131eeb946) Importer(815301076,1909f56bfc062723c751e8b465ee728b)
Start importing Assets/Cainos/Pixel Art Top Down - Basic/Tile Palette/TP Wall/TX Tileset Wall_17.asset using Guid(91cb03f8c22d3984389f65d131eeb946) Importer(815301076,1909f56bfc062723c751e8b465ee728b)  -> (artifact id: 'fc9d63296ae083ab373eac4158166882') in 0.007039 seconds 
========================================================================
Received Import Request.
  Time since last request: 0.000022 seconds.
  path: Assets/Cainos/Pixel Art Top Down - Basic/Tile Palette/TP Wall/TX Tileset Wall_32.asset
  artifactKey: Guid(f8a08cc7e1ef4bd41ad3d91c4ae0824a) Importer(815301076,1909f56bfc062723c751e8b465ee728b)
Start importing Assets/Cainos/Pixel Art Top Down - Basic/Tile Palette/TP Wall/TX Tileset Wall_32.asset using Guid(f8a08cc7e1ef4bd41ad3d91c4ae0824a) Importer(815301076,1909f56bfc062723c751e8b465ee728b)  -> (artifact id: '81ddddff64f16b0db1d4b9bcdb65b64d') in 0.007648 seconds 
========================================================================
Received Import Request.
  Time since last request: 12.564340 seconds.
  path: Assets/Cainos/Pixel Art Top Down - Basic/Material/MT Sprite.mat
  artifactKey: Guid(a9f84881abde25b48904c0ff67bca145) Importer(815301076,1909f56bfc062723c751e8b465ee728b)
Start importing Assets/Cainos/Pixel Art Top Down - Basic/Material/MT Sprite.mat using Guid(a9f84881abde25b48904c0ff67bca145) Importer(815301076,1909f56bfc062723c751e8b465ee728b)  -> (artifact id: '5d38b3e588bd1ea2a6d3a8feb35827a4') in 0.086151 seconds 
========================================================================
Received Import Request.
  Time since last request: 450.744839 seconds.
  path: Assets/Brackeys/2D Mega Pack/Characters/Blob Players/BlobPlayer_Pink.png
  artifactKey: Guid(addd2af175d074643a3b1f29f6c23041) Importer(815301076,1909f56bfc062723c751e8b465ee728b)
Start importing Assets/Brackeys/2D Mega Pack/Characters/Blob Players/BlobPlayer_Pink.png using Guid(addd2af175d074643a3b1f29f6c23041) Importer(815301076,1909f56bfc062723c751e8b465ee728b)  -> (artifact id: '0bc25217f68c6a4d9f19d0719850b8d2') in 0.105379 seconds 
========================================================================
Received Import Request.
  Time since last request: 3.020866 seconds.
  path: Assets/Brackeys/2D Mega Pack/Characters/Fantasy/Commoner.png
  artifactKey: Guid(4ae49494a73ff584099f601cb159abba) Importer(815301076,1909f56bfc062723c751e8b465ee728b)
Start importing Assets/Brackeys/2D Mega Pack/Characters/Fantasy/Commoner.png using Guid(4ae49494a73ff584099f601cb159abba) Importer(815301076,1909f56bfc062723c751e8b465ee728b)  -> (artifact id: '0e83c56da6dcf21becf0a4bd5b92ac40') in 0.016091 seconds 
========================================================================
Received Import Request.
  Time since last request: 0.000029 seconds.
  path: Assets/Brackeys/2D Mega Pack/Characters/Fantasy/Troll.png
  artifactKey: Guid(07f23995d5720bd4d9cd266799cef6fb) Importer(815301076,1909f56bfc062723c751e8b465ee728b)
Start importing Assets/Brackeys/2D Mega Pack/Characters/Fantasy/Troll.png using Guid(07f23995d5720bd4d9cd266799cef6fb) Importer(815301076,1909f56bfc062723c751e8b465ee728b)  -> (artifact id: 'c7ed66f318727f045f1bbb5da5475ed8') in 0.027236 seconds 
========================================================================
Received Import Request.
  Time since last request: 0.000025 seconds.
  path: Assets/Brackeys/2D Mega Pack/Characters/Fantasy/Princess.png
  artifactKey: Guid(48cd8048939cc274dae16a9493829244) Importer(815301076,1909f56bfc062723c751e8b465ee728b)
Start importing Assets/Brackeys/2D Mega Pack/Characters/Fantasy/Princess.png using Guid(48cd8048939cc274dae16a9493829244) Importer(815301076,1909f56bfc062723c751e8b465ee728b)  -> (artifact id: '9411b061366983ba83aa1f2839e5783b') in 0.051921 seconds 
========================================================================
Received Import Request.
  Time since last request: 6.289129 seconds.
  path: Assets/Brackeys/2D Mega Pack/Characters/Stickman/Stick_Head.png
  artifactKey: Guid(bb9dc33af8cec2a499646621219565dc) Importer(815301076,1909f56bfc062723c751e8b465ee728b)
Start importing Assets/Brackeys/2D Mega Pack/Characters/Stickman/Stick_Head.png using Guid(bb9dc33af8cec2a499646621219565dc) Importer(815301076,1909f56bfc062723c751e8b465ee728b)  -> (artifact id: 'bf75c317598a048d94492d21a53a5a57') in 0.015619 seconds 
========================================================================
Received Import Request.
  Time since last request: 1.933599 seconds.
  path: Assets/Brackeys/2D Mega Pack/Characters/Soldiers/SoldiersFront.png
  artifactKey: Guid(db4367b3d41bdbb418fa7bdeea71e49e) Importer(815301076,1909f56bfc062723c751e8b465ee728b)
Start importing Assets/Brackeys/2D Mega Pack/Characters/Soldiers/SoldiersFront.png using Guid(db4367b3d41bdbb418fa7bdeea71e49e) Importer(815301076,1909f56bfc062723c751e8b465ee728b)  -> (artifact id: '7829ec66d5a3f0a6f993d7e903528feb') in 0.018405 seconds 
