Using pre-set license
Built from '2021.3/staging' branch; Version is '2021.3.4f1 (cb45f9cae8b7) revision 13321721'; Using compiler version '192829333'; Build Type 'Release'
OS: 'Windows 10  (10.0.19044) 64bit Core' Language: 'en' Physical Memory: 16333 MB
BatchMode: 1, IsHumanControllingUs: 0, StartBugReporterOnCrash: 0, Is64bit: 1, IsPro: 1

COMMAND LINE ARGUMENTS:
E:\Programs\UnityHub\2021.3.4f1\Editor\Unity.exe
-adb2
-batchMode
-noUpm
-name
AssetImportWorker2
-projectPath
D:/Documents/1/projects/sunrise/My project
-logFile
Logs/AssetImportWorker2.log
-srvPort
62186
Successfully changed project path to: D:/Documents/1/projects/sunrise/My project
D:/Documents/1/projects/sunrise/My project
[UnityMemory] Configuration Parameters - Can be set up in boot.config
    "memorysetup-bucket-allocator-granularity=16"
    "memorysetup-bucket-allocator-bucket-count=8"
    "memorysetup-bucket-allocator-block-size=33554432"
    "memorysetup-bucket-allocator-block-count=8"
    "memorysetup-main-allocator-block-size=16777216"
    "memorysetup-thread-allocator-block-size=16777216"
    "memorysetup-gfx-main-allocator-block-size=16777216"
    "memorysetup-gfx-thread-allocator-block-size=16777216"
    "memorysetup-cache-allocator-block-size=4194304"
    "memorysetup-typetree-allocator-block-size=2097152"
    "memorysetup-profiler-bucket-allocator-granularity=16"
    "memorysetup-profiler-bucket-allocator-bucket-count=8"
    "memorysetup-profiler-bucket-allocator-block-size=33554432"
    "memorysetup-profiler-bucket-allocator-block-count=8"
    "memorysetup-profiler-allocator-block-size=16777216"
    "memorysetup-profiler-editor-allocator-block-size=1048576"
    "memorysetup-temp-allocator-size-main=16777216"
    "memorysetup-job-temp-allocator-block-size=2097152"
    "memorysetup-job-temp-allocator-block-size-background=1048576"
    "memorysetup-job-temp-allocator-reduction-small-platforms=262144"
    "memorysetup-temp-allocator-size-background-worker=32768"
    "memorysetup-temp-allocator-size-job-worker=262144"
    "memorysetup-temp-allocator-size-preload-manager=33554432"
    "memorysetup-temp-allocator-size-nav-mesh-worker=65536"
    "memorysetup-temp-allocator-size-audio-worker=65536"
    "memorysetup-temp-allocator-size-cloud-worker=32768"
    "memorysetup-temp-allocator-size-gi-baking-worker=262144"
    "memorysetup-temp-allocator-size-gfx=262144"
Refreshing native plugins compatible for Editor in 108.61 ms, found 4 plugins.
Preloading 0 native plugins for Editor in 0.00 ms.
Initialize engine version: 2021.3.4f1 (cb45f9cae8b7)
[Subsystems] Discovering subsystems at path E:/Programs/UnityHub/2021.3.4f1/Editor/Data/Resources/UnitySubsystems
[Subsystems] Discovering subsystems at path D:/Documents/1/projects/sunrise/My project/Assets
GfxDevice: creating device client; threaded=0; jobified=0
Direct3D:
    Version:  Direct3D 11.0 [level 11.1]
    Renderer: NVIDIA GeForce RTX 2060 (ID=0x1f08)
    Vendor:   NVIDIA
    VRAM:     5980 MB
    Driver:   30.0.14.7111
Initialize mono
Mono path[0] = 'E:/Programs/UnityHub/2021.3.4f1/Editor/Data/Managed'
Mono path[1] = 'E:/Programs/UnityHub/2021.3.4f1/Editor/Data/MonoBleedingEdge/lib/mono/unityjit-win32'
Mono config path = 'E:/Programs/UnityHub/2021.3.4f1/Editor/Data/MonoBleedingEdge/etc'
Using monoOptions --debugger-agent=transport=dt_socket,embedding=1,server=y,suspend=n,address=127.0.0.1:56376
Begin MonoManager ReloadAssembly
Registering precompiled unity dll's ...
Register platform support module: E:/Programs/UnityHub/2021.3.4f1/Editor/Data/PlaybackEngines/WebGLSupport/UnityEditor.WebGL.Extensions.dll
Register platform support module: E:/Programs/UnityHub/2021.3.4f1/Editor/Data/PlaybackEngines/WindowsStandaloneSupport/UnityEditor.WindowsStandalone.Extensions.dll
Registered in 0.003803 seconds.
Native extension for WindowsStandalone target not found
Native extension for WebGL target not found
Refreshing native plugins compatible for Editor in 100.84 ms, found 4 plugins.
Preloading 0 native plugins for Editor in 0.00 ms.
Mono: successfully reloaded assembly
- Completed reload, in  0.633 seconds
Domain Reload Profiling:
	ReloadAssembly (634ms)
		BeginReloadAssembly (68ms)
			ExecutionOrderSort (0ms)
			DisableScriptedObjects (0ms)
			BackupInstance (0ms)
			ReleaseScriptingObjects (0ms)
			CreateAndSetChildDomain (1ms)
		EndReloadAssembly (467ms)
			LoadAssemblies (66ms)
			RebuildTransferFunctionScriptingTraits (0ms)
			SetupTypeCache (105ms)
			ReleaseScriptCaches (0ms)
			RebuildScriptCaches (29ms)
			SetupLoadedEditorAssemblies (288ms)
				LogAssemblyErrors (0ms)
				InitializePlatformSupportModulesInManaged (9ms)
				SetLoadedEditorAssemblies (0ms)
				RefreshPlugins (101ms)
				BeforeProcessingInitializeOnLoad (1ms)
				ProcessInitializeOnLoadAttributes (135ms)
				ProcessInitializeOnLoadMethodAttributes (42ms)
				AfterProcessingInitializeOnLoad (0ms)
				EditorAssembliesLoaded (0ms)
			ExecutionOrderSort2 (0ms)
			AwakeInstancesAfterBackupRestoration (0ms)
Platform modules already initialized, skipping
Registering precompiled user dll's ...
Registered in 0.006027 seconds.
Begin MonoManager ReloadAssembly
Symbol file LoadedFromMemory doesn't match image D:\Documents\1\projects\sunrise\My project\Library\PackageCache\com.unity.visualscripting@1.7.8\Editor\VisualScripting.Core\Dependencies\YamlDotNet\Unity.VisualScripting.YamlDotNet.dll
Symbol file LoadedFromMemory doesn't match image D:\Documents\1\projects\sunrise\My project\Library\PackageCache\com.unity.visualscripting@1.7.8\Editor\VisualScripting.Core\Dependencies\DotNetZip\Unity.VisualScripting.IonicZip.dll
Native extension for WindowsStandalone target not found
Native extension for WebGL target not found
Refreshing native plugins compatible for Editor in 100.85 ms, found 4 plugins.
Preloading 0 native plugins for Editor in 0.00 ms.
Mono: successfully reloaded assembly
- Completed reload, in  1.124 seconds
Domain Reload Profiling:
	ReloadAssembly (1125ms)
		BeginReloadAssembly (112ms)
			ExecutionOrderSort (0ms)
			DisableScriptedObjects (6ms)
			BackupInstance (0ms)
			ReleaseScriptingObjects (0ms)
			CreateAndSetChildDomain (25ms)
		EndReloadAssembly (900ms)
			LoadAssemblies (82ms)
			RebuildTransferFunctionScriptingTraits (0ms)
			SetupTypeCache (236ms)
			ReleaseScriptCaches (1ms)
			RebuildScriptCaches (57ms)
			SetupLoadedEditorAssemblies (490ms)
				LogAssemblyErrors (0ms)
				InitializePlatformSupportModulesInManaged (4ms)
				SetLoadedEditorAssemblies (0ms)
				RefreshPlugins (101ms)
				BeforeProcessingInitializeOnLoad (100ms)
				ProcessInitializeOnLoadAttributes (238ms)
				ProcessInitializeOnLoadMethodAttributes (43ms)
				AfterProcessingInitializeOnLoad (3ms)
				EditorAssembliesLoaded (0ms)
			ExecutionOrderSort2 (0ms)
			AwakeInstancesAfterBackupRestoration (7ms)
Platform modules already initialized, skipping
========================================================================
Worker process is ready to serve import requests
Launched and connected shader compiler UnityShaderCompiler.exe after 0.05 seconds
Refreshing native plugins compatible for Editor in 1.40 ms, found 4 plugins.
Preloading 0 native plugins for Editor in 0.00 ms.
Unloading 4056 Unused Serialized files (Serialized files now loaded: 0)
Unloading 44 unused Assets / (222.6 KB). Loaded Objects now: 4505.
Memory consumption went from 150.9 MB to 150.6 MB.
Total: 3.691500 ms (FindLiveObjects: 0.477400 ms CreateObjectMapping: 0.124100 ms MarkObjects: 2.928600 ms  DeleteObjects: 0.159900 ms)

AssetImportParameters requested are different than current active one (requested -> active):
  custom:video-decoder-ogg-theora: a1e56fd34408186e4bbccfd4996cb3dc -> 
  custom:container-muxer-webm: aa71ff27fc2769a1b78a27578f13a17b -> 
  custom:container-demuxer-webm: 4f35f7cbe854078d1ac9338744f61a02 -> 
  custom:video-encoder-webm-vp8: eb34c28f22e8b96e1ab97ce403110664 -> 
  custom:audio-encoder-webm-vorbis: bf7c407c2cedff20999df2af8eb42d56 -> 
  custom:framework-win-MediaFoundation: 216162199b28c13a410421893ffa2e32 -> 
  custom:container-demuxer-ogg: 62fdf1f143b41e24485cea50d1cbac27 -> 
  custom:video-decoder-webm-vp8: 9c59270c3fd7afecdb556c50c9e8de78 -> 
  custom:audio-decoder-ogg-vorbis: bf7c407c2cedff20999df2af8eb42d56 -> 
========================================================================
Received Import Request.
  Time since last request: 3008.792586 seconds.
  path: Assets/Brackeys/2D Mega Pack/Backgrounds/BlueBackground.png
  artifactKey: Guid(10ebe7a8e14363545946d5a92ac0bcb0) Importer(815301076,1909f56bfc062723c751e8b465ee728b)
Start importing Assets/Brackeys/2D Mega Pack/Backgrounds/BlueBackground.png using Guid(10ebe7a8e14363545946d5a92ac0bcb0) Importer(815301076,1909f56bfc062723c751e8b465ee728b)  -> (artifact id: 'd250146c55648fa04484be56c6751e7c') in 0.207908 seconds 
========================================================================
Received Import Request.
  Time since last request: 0.000077 seconds.
  path: Assets/Brackeys/2D Mega Pack/Backgrounds
  artifactKey: Guid(32a6e3a01c461144e9231f98f40d26e1) Importer(815301076,1909f56bfc062723c751e8b465ee728b)
Start importing Assets/Brackeys/2D Mega Pack/Backgrounds using Guid(32a6e3a01c461144e9231f98f40d26e1) Importer(815301076,1909f56bfc062723c751e8b465ee728b)  -> (artifact id: 'b4f19d72cd16605817f0b07b43edda4b') in 0.001265 seconds 
========================================================================
Received Import Request.
  Time since last request: 0.000036 seconds.
  path: Assets/Brackeys/2D Mega Pack/Backgrounds/BrickBackground.png
  artifactKey: Guid(fdfb3796a96b09f45b7ed20555d95926) Importer(815301076,1909f56bfc062723c751e8b465ee728b)
Start importing Assets/Brackeys/2D Mega Pack/Backgrounds/BrickBackground.png using Guid(fdfb3796a96b09f45b7ed20555d95926) Importer(815301076,1909f56bfc062723c751e8b465ee728b)  -> (artifact id: '0d03c812d4c3be1aca1ffb83ee88a736') in 0.023468 seconds 
========================================================================
Received Import Request.
  Time since last request: 0.000036 seconds.
  path: Assets/Brackeys/2D Mega Pack/Backgrounds/ArcadeGreyBackground.png
  artifactKey: Guid(730c911464148054487bb3efd7ef0d07) Importer(815301076,1909f56bfc062723c751e8b465ee728b)
Start importing Assets/Brackeys/2D Mega Pack/Backgrounds/ArcadeGreyBackground.png using Guid(730c911464148054487bb3efd7ef0d07) Importer(815301076,1909f56bfc062723c751e8b465ee728b)  -> (artifact id: 'feba3c1494464eb87d7a176b328e1056') in 0.021201 seconds 
========================================================================
Received Import Request.
  Time since last request: 0.000061 seconds.
  path: Assets/Brackeys/2D Mega Pack/Backgrounds/DustyBackground.png
  artifactKey: Guid(921dcff1d0da9eb409b4b461084190e2) Importer(815301076,1909f56bfc062723c751e8b465ee728b)
Start importing Assets/Brackeys/2D Mega Pack/Backgrounds/DustyBackground.png using Guid(921dcff1d0da9eb409b4b461084190e2) Importer(815301076,1909f56bfc062723c751e8b465ee728b)  -> (artifact id: 'ea8831160966fed2ee4edc4a19810fe9') in 0.154994 seconds 
========================================================================
Received Prepare
Registering precompiled user dll's ...
Registered in 0.005820 seconds.
Begin MonoManager ReloadAssembly
Symbol file LoadedFromMemory doesn't match image D:\Documents\1\projects\sunrise\My project\Library\PackageCache\com.unity.visualscripting@1.7.8\Editor\VisualScripting.Core\Dependencies\YamlDotNet\Unity.VisualScripting.YamlDotNet.dll
Symbol file LoadedFromMemory doesn't match image D:\Documents\1\projects\sunrise\My project\Library\PackageCache\com.unity.visualscripting@1.7.8\Editor\VisualScripting.Core\Dependencies\DotNetZip\Unity.VisualScripting.IonicZip.dll
Native extension for WindowsStandalone target not found
Native extension for WebGL target not found
Refreshing native plugins compatible for Editor in 1.01 ms, found 4 plugins.
Preloading 0 native plugins for Editor in 0.00 ms.
Mono: successfully reloaded assembly
- Completed reload, in  0.898 seconds
Domain Reload Profiling:
	ReloadAssembly (899ms)
		BeginReloadAssembly (122ms)
			ExecutionOrderSort (0ms)
			DisableScriptedObjects (6ms)
			BackupInstance (0ms)
			ReleaseScriptingObjects (0ms)
			CreateAndSetChildDomain (38ms)
		EndReloadAssembly (688ms)
			LoadAssemblies (78ms)
			RebuildTransferFunctionScriptingTraits (0ms)
			SetupTypeCache (226ms)
			ReleaseScriptCaches (2ms)
			RebuildScriptCaches (43ms)
			SetupLoadedEditorAssemblies (298ms)
				LogAssemblyErrors (0ms)
				InitializePlatformSupportModulesInManaged (11ms)
				SetLoadedEditorAssemblies (0ms)
				RefreshPlugins (1ms)
				BeforeProcessingInitializeOnLoad (70ms)
				ProcessInitializeOnLoadAttributes (180ms)
				ProcessInitializeOnLoadMethodAttributes (33ms)
				AfterProcessingInitializeOnLoad (3ms)
				EditorAssembliesLoaded (0ms)
			ExecutionOrderSort2 (0ms)
			AwakeInstancesAfterBackupRestoration (8ms)
Platform modules already initialized, skipping
Refreshing native plugins compatible for Editor in 2.18 ms, found 4 plugins.
Preloading 0 native plugins for Editor in 0.00 ms.
Unloading 4058 Unused Serialized files (Serialized files now loaded: 0)
Unloading 33 unused Assets / (240.1 KB). Loaded Objects now: 4527.
Memory consumption went from 155.6 MB to 155.4 MB.
Total: 3.963900 ms (FindLiveObjects: 0.352800 ms CreateObjectMapping: 0.114500 ms MarkObjects: 3.305300 ms  DeleteObjects: 0.190200 ms)

AssetImportParameters requested are different than current active one (requested -> active):
  custom:video-decoder-ogg-theora: a1e56fd34408186e4bbccfd4996cb3dc -> 
  custom:container-muxer-webm: aa71ff27fc2769a1b78a27578f13a17b -> 
  custom:container-demuxer-webm: 4f35f7cbe854078d1ac9338744f61a02 -> 
  custom:video-encoder-webm-vp8: eb34c28f22e8b96e1ab97ce403110664 -> 
  custom:audio-encoder-webm-vorbis: bf7c407c2cedff20999df2af8eb42d56 -> 
  custom:framework-win-MediaFoundation: 216162199b28c13a410421893ffa2e32 -> 
  custom:container-demuxer-ogg: 62fdf1f143b41e24485cea50d1cbac27 -> 
  custom:video-decoder-webm-vp8: 9c59270c3fd7afecdb556c50c9e8de78 -> 
  custom:audio-decoder-ogg-vorbis: bf7c407c2cedff20999df2af8eb42d56 -> 
========================================================================
Received Import Request.
  Time since last request: 133.495461 seconds.
  path: Assets/Cainos
  artifactKey: Guid(fd561307d95afd14ebd420767d2b549a) Importer(815301076,1909f56bfc062723c751e8b465ee728b)
Start importing Assets/Cainos using Guid(fd561307d95afd14ebd420767d2b549a) Importer(815301076,1909f56bfc062723c751e8b465ee728b)  -> (artifact id: 'd4ddcd15290da3c0cddea42180aa0cb7') in 0.007873 seconds 
========================================================================
Received Import Request.
  Time since last request: 0.697312 seconds.
  path: Assets/Cainos/Pixel Art Top Down - Basic
  artifactKey: Guid(16e6903942d9bf94d9dd684620613d02) Importer(815301076,1909f56bfc062723c751e8b465ee728b)
Start importing Assets/Cainos/Pixel Art Top Down - Basic using Guid(16e6903942d9bf94d9dd684620613d02) Importer(815301076,1909f56bfc062723c751e8b465ee728b)  -> (artifact id: 'd6f774545110e7c4e2966f3f65e9c7f4') in 0.001182 seconds 
========================================================================
Received Import Request.
  Time since last request: 4.051218 seconds.
  path: Assets/Cainos/Pixel Art Top Down - Basic/Tile Palette
  artifactKey: Guid(9aaddfc1c24876049941c1d30e4a9e23) Importer(815301076,1909f56bfc062723c751e8b465ee728b)
Start importing Assets/Cainos/Pixel Art Top Down - Basic/Tile Palette using Guid(9aaddfc1c24876049941c1d30e4a9e23) Importer(815301076,1909f56bfc062723c751e8b465ee728b)  -> (artifact id: '61a6e8ec666b76fedeed6a52c381bef4') in 0.001110 seconds 
========================================================================
Received Import Request.
  Time since last request: 0.065256 seconds.
  path: Assets/Cainos/Pixel Art Top Down - Basic/Tile Palette/TP Grass.prefab
  artifactKey: Guid(02a081c3d25f8e54396b0c278f77e6f6) Importer(815301076,1909f56bfc062723c751e8b465ee728b)
Start importing Assets/Cainos/Pixel Art Top Down - Basic/Tile Palette/TP Grass.prefab using Guid(02a081c3d25f8e54396b0c278f77e6f6) Importer(815301076,1909f56bfc062723c751e8b465ee728b)  -> (artifact id: 'e6d1f07119870e696845ca85c6198196') in 0.067260 seconds 
========================================================================
Received Import Request.
  Time since last request: 0.000023 seconds.
  path: Assets/Cainos/Pixel Art Top Down - Basic/Tile Palette/TP Wall.prefab
  artifactKey: Guid(8d8700121f1eb2c4abda7e8a3dafab76) Importer(815301076,1909f56bfc062723c751e8b465ee728b)
Start importing Assets/Cainos/Pixel Art Top Down - Basic/Tile Palette/TP Wall.prefab using Guid(8d8700121f1eb2c4abda7e8a3dafab76) Importer(815301076,1909f56bfc062723c751e8b465ee728b)  -> (artifact id: '10556b1373e7eeaf2c485f615a305ea7') in 0.028681 seconds 
========================================================================
Received Import Request.
  Time since last request: 1.638700 seconds.
  path: Assets/Cainos/Pixel Art Top Down - Basic/Tile Palette/TP Grass
  artifactKey: Guid(3121f6ec1da5159418c5665c84e58ff8) Importer(815301076,1909f56bfc062723c751e8b465ee728b)
Start importing Assets/Cainos/Pixel Art Top Down - Basic/Tile Palette/TP Grass using Guid(3121f6ec1da5159418c5665c84e58ff8) Importer(815301076,1909f56bfc062723c751e8b465ee728b)  -> (artifact id: 'a8594c70fc252f79df89e0c04f9244db') in 0.001089 seconds 
========================================================================
Received Import Request.
  Time since last request: 0.553440 seconds.
  path: Assets/Cainos/Pixel Art Top Down - Basic/Tile Palette/TP Grass/TX Tileset Grass 0.asset
  artifactKey: Guid(7b6e368fc0ee90b4ca09e0f71344589a) Importer(815301076,1909f56bfc062723c751e8b465ee728b)
Start importing Assets/Cainos/Pixel Art Top Down - Basic/Tile Palette/TP Grass/TX Tileset Grass 0.asset using Guid(7b6e368fc0ee90b4ca09e0f71344589a) Importer(815301076,1909f56bfc062723c751e8b465ee728b)  -> (artifact id: '06ee4e89514c758bc84229ce71d75000') in 0.020497 seconds 
========================================================================
Received Import Request.
  Time since last request: 0.000021 seconds.
  path: Assets/Cainos/Pixel Art Top Down - Basic/Tile Palette/TP Grass/TX Tileset Grass Pavement 5.asset
  artifactKey: Guid(9d261fa57a186304eb7c71bcd3920f52) Importer(815301076,1909f56bfc062723c751e8b465ee728b)
Start importing Assets/Cainos/Pixel Art Top Down - Basic/Tile Palette/TP Grass/TX Tileset Grass Pavement 5.asset using Guid(9d261fa57a186304eb7c71bcd3920f52) Importer(815301076,1909f56bfc062723c751e8b465ee728b)  -> (artifact id: '750efad7ba7c5d0f6fef09b2a183d68e') in 0.007273 seconds 
========================================================================
Received Import Request.
  Time since last request: 0.000020 seconds.
  path: Assets/Cainos/Pixel Art Top Down - Basic/Tile Palette/TP Grass/TX Tileset Grass_36.asset
  artifactKey: Guid(25c92bd1a1b2eda46b08a2414b277305) Importer(815301076,1909f56bfc062723c751e8b465ee728b)
Start importing Assets/Cainos/Pixel Art Top Down - Basic/Tile Palette/TP Grass/TX Tileset Grass_36.asset using Guid(25c92bd1a1b2eda46b08a2414b277305) Importer(815301076,1909f56bfc062723c751e8b465ee728b)  -> (artifact id: '1a5c47d8eeadfb2a119b070c9edeaf4f') in 0.007856 seconds 
========================================================================
Received Import Request.
  Time since last request: 0.000024 seconds.
  path: Assets/Cainos/Pixel Art Top Down - Basic/Tile Palette/TP Grass/TX Tileset Grass_34.asset
  artifactKey: Guid(f8dad7d3540a58241824a563088832e0) Importer(815301076,1909f56bfc062723c751e8b465ee728b)
Start importing Assets/Cainos/Pixel Art Top Down - Basic/Tile Palette/TP Grass/TX Tileset Grass_34.asset using Guid(f8dad7d3540a58241824a563088832e0) Importer(815301076,1909f56bfc062723c751e8b465ee728b)  -> (artifact id: 'f8e1471b13d425a9dcd7a893f6007de2') in 0.006423 seconds 
========================================================================
Received Import Request.
  Time since last request: 0.000021 seconds.
  path: Assets/Cainos/Pixel Art Top Down - Basic/Tile Palette/TP Grass/TX Tileset Grass Flower 0.asset
  artifactKey: Guid(4c8943e2da4e8964bb3eb170c1aaba9f) Importer(815301076,1909f56bfc062723c751e8b465ee728b)
Start importing Assets/Cainos/Pixel Art Top Down - Basic/Tile Palette/TP Grass/TX Tileset Grass Flower 0.asset using Guid(4c8943e2da4e8964bb3eb170c1aaba9f) Importer(815301076,1909f56bfc062723c751e8b465ee728b)  -> (artifact id: '07dff212526a00fa1820583a9dc74f00') in 0.006196 seconds 
========================================================================
Received Import Request.
  Time since last request: 0.000032 seconds.
  path: Assets/Cainos/Pixel Art Top Down - Basic/Tile Palette/TP Grass/TX Tileset Grass Flower 15.asset
  artifactKey: Guid(70b8e49e6af191c4c987c778977a5dba) Importer(815301076,1909f56bfc062723c751e8b465ee728b)
Start importing Assets/Cainos/Pixel Art Top Down - Basic/Tile Palette/TP Grass/TX Tileset Grass Flower 15.asset using Guid(70b8e49e6af191c4c987c778977a5dba) Importer(815301076,1909f56bfc062723c751e8b465ee728b)  -> (artifact id: '54cffc66be473f433174d8e8c98890f6') in 0.007095 seconds 
========================================================================
Received Import Request.
  Time since last request: 0.000018 seconds.
  path: Assets/Cainos/Pixel Art Top Down - Basic/Tile Palette/TP Grass/TX Tileset Grass Flower 6.asset
  artifactKey: Guid(162b2c3c7ed3c8240995ad1799a0339a) Importer(815301076,1909f56bfc062723c751e8b465ee728b)
Start importing Assets/Cainos/Pixel Art Top Down - Basic/Tile Palette/TP Grass/TX Tileset Grass Flower 6.asset using Guid(162b2c3c7ed3c8240995ad1799a0339a) Importer(815301076,1909f56bfc062723c751e8b465ee728b)  -> (artifact id: 'd8ad061e599645c6dc8d654574d25511') in 0.006765 seconds 
========================================================================
Received Import Request.
  Time since last request: 0.000020 seconds.
  path: Assets/Cainos/Pixel Art Top Down - Basic/Tile Palette/TP Grass/TX Tileset Grass_53.asset
  artifactKey: Guid(b582a793ebd123e4ba5f4ca704ed259e) Importer(815301076,1909f56bfc062723c751e8b465ee728b)
Start importing Assets/Cainos/Pixel Art Top Down - Basic/Tile Palette/TP Grass/TX Tileset Grass_53.asset using Guid(b582a793ebd123e4ba5f4ca704ed259e) Importer(815301076,1909f56bfc062723c751e8b465ee728b)  -> (artifact id: '0083ed3083725e45311c6acf1f67e5d4') in 0.006305 seconds 
========================================================================
Received Import Request.
  Time since last request: 0.000018 seconds.
  path: Assets/Cainos/Pixel Art Top Down - Basic/Tile Palette/TP Grass/TX Tileset Grass_46.asset
  artifactKey: Guid(841517d60c3ee6342b4877ecf6e257cf) Importer(815301076,1909f56bfc062723c751e8b465ee728b)
Start importing Assets/Cainos/Pixel Art Top Down - Basic/Tile Palette/TP Grass/TX Tileset Grass_46.asset using Guid(841517d60c3ee6342b4877ecf6e257cf) Importer(815301076,1909f56bfc062723c751e8b465ee728b)  -> (artifact id: 'ccc22ae2bc91aa848c646c5bd77188e8') in 0.008058 seconds 
========================================================================
Received Import Request.
  Time since last request: 0.000028 seconds.
  path: Assets/Cainos/Pixel Art Top Down - Basic/Tile Palette/TP Grass/TX Tileset Grass 11.asset
  artifactKey: Guid(aa14e442c407b164a9e0bba1fd35004d) Importer(815301076,1909f56bfc062723c751e8b465ee728b)
Start importing Assets/Cainos/Pixel Art Top Down - Basic/Tile Palette/TP Grass/TX Tileset Grass 11.asset using Guid(aa14e442c407b164a9e0bba1fd35004d) Importer(815301076,1909f56bfc062723c751e8b465ee728b)  -> (artifact id: '97c5858ff377507a10a70ac8f508e399') in 0.006340 seconds 
========================================================================
Received Import Request.
  Time since last request: 0.000023 seconds.
  path: Assets/Cainos/Pixel Art Top Down - Basic/Tile Palette/TP Grass/TX Tileset Grass Flower 9.asset
  artifactKey: Guid(2367cb1fa5ebd9d4d9082b473634a906) Importer(815301076,1909f56bfc062723c751e8b465ee728b)
Start importing Assets/Cainos/Pixel Art Top Down - Basic/Tile Palette/TP Grass/TX Tileset Grass Flower 9.asset using Guid(2367cb1fa5ebd9d4d9082b473634a906) Importer(815301076,1909f56bfc062723c751e8b465ee728b)  -> (artifact id: '7e3afe1157d9002d167bd8bc51391681') in 0.006813 seconds 
========================================================================
Received Import Request.
  Time since last request: 0.000019 seconds.
  path: Assets/Cainos/Pixel Art Top Down - Basic/Tile Palette/TP Grass/TX Tileset Grass_43.asset
  artifactKey: Guid(c144af5afd6ab544390bce2a0d1ce972) Importer(815301076,1909f56bfc062723c751e8b465ee728b)
Start importing Assets/Cainos/Pixel Art Top Down - Basic/Tile Palette/TP Grass/TX Tileset Grass_43.asset using Guid(c144af5afd6ab544390bce2a0d1ce972) Importer(815301076,1909f56bfc062723c751e8b465ee728b)  -> (artifact id: 'c0a3397be66f9d29e0e4c82fdd025ec5') in 0.006825 seconds 
========================================================================
Received Import Request.
  Time since last request: 0.000022 seconds.
  path: Assets/Cainos/Pixel Art Top Down - Basic/Tile Palette/TP Grass/TX Tileset Grass 5.asset
  artifactKey: Guid(54b6893f2afe6354ebdccde3f53a6a65) Importer(815301076,1909f56bfc062723c751e8b465ee728b)
Start importing Assets/Cainos/Pixel Art Top Down - Basic/Tile Palette/TP Grass/TX Tileset Grass 5.asset using Guid(54b6893f2afe6354ebdccde3f53a6a65) Importer(815301076,1909f56bfc062723c751e8b465ee728b)  -> (artifact id: '58bc25cd2e5e4db729e4353afc6d8a45') in 0.006368 seconds 
========================================================================
Received Import Request.
  Time since last request: 0.000020 seconds.
  path: Assets/Cainos/Pixel Art Top Down - Basic/Tile Palette/TP Grass/TX Tileset Grass Flower 11.asset
  artifactKey: Guid(2c670dc28da29e54da4c78aac2caebe8) Importer(815301076,1909f56bfc062723c751e8b465ee728b)
Start importing Assets/Cainos/Pixel Art Top Down - Basic/Tile Palette/TP Grass/TX Tileset Grass Flower 11.asset using Guid(2c670dc28da29e54da4c78aac2caebe8) Importer(815301076,1909f56bfc062723c751e8b465ee728b)  -> (artifact id: 'd295a053859c259cc9b546e9d66b962a') in 0.006487 seconds 
========================================================================
Received Import Request.
  Time since last request: 0.000017 seconds.
  path: Assets/Cainos/Pixel Art Top Down - Basic/Tile Palette/TP Grass/TX Tileset Grass Flower 13.asset
  artifactKey: Guid(57824cd7e1612d14090d617a256eca53) Importer(815301076,1909f56bfc062723c751e8b465ee728b)
Start importing Assets/Cainos/Pixel Art Top Down - Basic/Tile Palette/TP Grass/TX Tileset Grass Flower 13.asset using Guid(57824cd7e1612d14090d617a256eca53) Importer(815301076,1909f56bfc062723c751e8b465ee728b)  -> (artifact id: '8129547d07ee378102b08ceeca2fb62a') in 0.006294 seconds 
========================================================================
Received Import Request.
  Time since last request: 0.000018 seconds.
  path: Assets/Cainos/Pixel Art Top Down - Basic/Tile Palette/TP Grass/TX Tileset Grass_62.asset
  artifactKey: Guid(fa699176380f55f42a54abdfa1c53794) Importer(815301076,1909f56bfc062723c751e8b465ee728b)
Start importing Assets/Cainos/Pixel Art Top Down - Basic/Tile Palette/TP Grass/TX Tileset Grass_62.asset using Guid(fa699176380f55f42a54abdfa1c53794) Importer(815301076,1909f56bfc062723c751e8b465ee728b)  -> (artifact id: 'b9da5fe79c04c29aac1a31f06526dfd0') in 0.006809 seconds 
========================================================================
Received Import Request.
  Time since last request: 0.000018 seconds.
  path: Assets/Cainos/Pixel Art Top Down - Basic/Tile Palette/TP Grass/TX Tileset Grass_47.asset
  artifactKey: Guid(d12fbd8400e101840be29555508b9a89) Importer(815301076,1909f56bfc062723c751e8b465ee728b)
Start importing Assets/Cainos/Pixel Art Top Down - Basic/Tile Palette/TP Grass/TX Tileset Grass_47.asset using Guid(d12fbd8400e101840be29555508b9a89) Importer(815301076,1909f56bfc062723c751e8b465ee728b)  -> (artifact id: '16ce64230c92eee92e5a9674759efa0b') in 0.006904 seconds 
========================================================================
Received Import Request.
  Time since last request: 0.000015 seconds.
  path: Assets/Cainos/Pixel Art Top Down - Basic/Tile Palette/TP Grass/TX Tileset Grass Flower 8.asset
  artifactKey: Guid(a9932c56762082e42ae3a877f0c79f7d) Importer(815301076,1909f56bfc062723c751e8b465ee728b)
Start importing Assets/Cainos/Pixel Art Top Down - Basic/Tile Palette/TP Grass/TX Tileset Grass Flower 8.asset using Guid(a9932c56762082e42ae3a877f0c79f7d) Importer(815301076,1909f56bfc062723c751e8b465ee728b)  -> (artifact id: '25e0704c6bccf50ea9d763485f822da0') in 0.006189 seconds 
========================================================================
Received Import Request.
  Time since last request: 0.000017 seconds.
  path: Assets/Cainos/Pixel Art Top Down - Basic/Tile Palette/TP Grass/TX Tileset Grass 8.asset
  artifactKey: Guid(5451d01092d6a0947a1059da45c09ebe) Importer(815301076,1909f56bfc062723c751e8b465ee728b)
Start importing Assets/Cainos/Pixel Art Top Down - Basic/Tile Palette/TP Grass/TX Tileset Grass 8.asset using Guid(5451d01092d6a0947a1059da45c09ebe) Importer(815301076,1909f56bfc062723c751e8b465ee728b)  -> (artifact id: 'e9b7f09716a2ec392ddd45d19c2c69d3') in 0.006746 seconds 
========================================================================
Received Import Request.
  Time since last request: 0.000020 seconds.
  path: Assets/Cainos/Pixel Art Top Down - Basic/Tile Palette/TP Grass/TX Tileset Grass 4.asset
  artifactKey: Guid(fedab419fdbdeea488795e51c83727c9) Importer(815301076,1909f56bfc062723c751e8b465ee728b)
Start importing Assets/Cainos/Pixel Art Top Down - Basic/Tile Palette/TP Grass/TX Tileset Grass 4.asset using Guid(fedab419fdbdeea488795e51c83727c9) Importer(815301076,1909f56bfc062723c751e8b465ee728b)  -> (artifact id: '5e355f7f65d57c747463b883ec5046dc') in 0.006972 seconds 
========================================================================
Received Import Request.
  Time since last request: 0.000020 seconds.
  path: Assets/Cainos/Pixel Art Top Down - Basic/Tile Palette/TP Grass/TX Tileset Grass Pavement 4.asset
  artifactKey: Guid(d3860dc7511661042a0e40d8d53db3a3) Importer(815301076,1909f56bfc062723c751e8b465ee728b)
Start importing Assets/Cainos/Pixel Art Top Down - Basic/Tile Palette/TP Grass/TX Tileset Grass Pavement 4.asset using Guid(d3860dc7511661042a0e40d8d53db3a3) Importer(815301076,1909f56bfc062723c751e8b465ee728b)  -> (artifact id: 'c7571380296860f32c0c43b2c81bb769') in 0.006752 seconds 
========================================================================
Received Import Request.
  Time since last request: 0.000028 seconds.
  path: Assets/Cainos/Pixel Art Top Down - Basic/Tile Palette/TP Grass/TX Tileset Grass_61.asset
  artifactKey: Guid(780dbc86f9d96cb4ea6eb80cedc5297f) Importer(815301076,1909f56bfc062723c751e8b465ee728b)
Start importing Assets/Cainos/Pixel Art Top Down - Basic/Tile Palette/TP Grass/TX Tileset Grass_61.asset using Guid(780dbc86f9d96cb4ea6eb80cedc5297f) Importer(815301076,1909f56bfc062723c751e8b465ee728b)  -> (artifact id: '57e86966a3daf38201e8960814c54c80') in 0.006642 seconds 
========================================================================
Received Import Request.
  Time since last request: 0.000028 seconds.
  path: Assets/Cainos/Pixel Art Top Down - Basic/Tile Palette/TP Grass/TX Tileset Grass_51.asset
  artifactKey: Guid(3d9dc795275adfd48af7618f29844554) Importer(815301076,1909f56bfc062723c751e8b465ee728b)
Start importing Assets/Cainos/Pixel Art Top Down - Basic/Tile Palette/TP Grass/TX Tileset Grass_51.asset using Guid(3d9dc795275adfd48af7618f29844554) Importer(815301076,1909f56bfc062723c751e8b465ee728b)  -> (artifact id: '1e192e3f9c9b176e6e2b19676634be41') in 0.005830 seconds 
========================================================================
Received Import Request.
  Time since last request: 0.000020 seconds.
  path: Assets/Cainos/Pixel Art Top Down - Basic/Tile Palette/TP Grass/TX Tileset Grass 3.asset
  artifactKey: Guid(6a5be8683b2bb5c4cafdd9a8407e5654) Importer(815301076,1909f56bfc062723c751e8b465ee728b)
Start importing Assets/Cainos/Pixel Art Top Down - Basic/Tile Palette/TP Grass/TX Tileset Grass 3.asset using Guid(6a5be8683b2bb5c4cafdd9a8407e5654) Importer(815301076,1909f56bfc062723c751e8b465ee728b)  -> (artifact id: 'c6953951a683681efdaaacd676b33fef') in 0.006444 seconds 
========================================================================
Received Import Request.
  Time since last request: 0.000023 seconds.
  path: Assets/Cainos/Pixel Art Top Down - Basic/Tile Palette/TP Grass/TX Tileset Grass Flower 14.asset
  artifactKey: Guid(6af3ae26591b05548b82024e5520c670) Importer(815301076,1909f56bfc062723c751e8b465ee728b)
Start importing Assets/Cainos/Pixel Art Top Down - Basic/Tile Palette/TP Grass/TX Tileset Grass Flower 14.asset using Guid(6af3ae26591b05548b82024e5520c670) Importer(815301076,1909f56bfc062723c751e8b465ee728b)  -> (artifact id: 'b93accd142740f4a6fcaa8c204e9ac0c') in 0.006527 seconds 
========================================================================
Received Import Request.
  Time since last request: 0.000021 seconds.
  path: Assets/Cainos/Pixel Art Top Down - Basic/Tile Palette/TP Grass/TX Tileset Grass Flower 12.asset
  artifactKey: Guid(57b6fab8e8adf24478f260a85ba4fa71) Importer(815301076,1909f56bfc062723c751e8b465ee728b)
Start importing Assets/Cainos/Pixel Art Top Down - Basic/Tile Palette/TP Grass/TX Tileset Grass Flower 12.asset using Guid(57b6fab8e8adf24478f260a85ba4fa71) Importer(815301076,1909f56bfc062723c751e8b465ee728b)  -> (artifact id: 'c326b5196304f7938892bfb9e2278a92') in 0.006988 seconds 
========================================================================
Received Import Request.
  Time since last request: 0.000017 seconds.
  path: Assets/Cainos/Pixel Art Top Down - Basic/Tile Palette/TP Grass/TX Tileset Grass 12.asset
  artifactKey: Guid(f332210fa22ba8549b6ac4d19975e7b1) Importer(815301076,1909f56bfc062723c751e8b465ee728b)
Start importing Assets/Cainos/Pixel Art Top Down - Basic/Tile Palette/TP Grass/TX Tileset Grass 12.asset using Guid(f332210fa22ba8549b6ac4d19975e7b1) Importer(815301076,1909f56bfc062723c751e8b465ee728b)  -> (artifact id: '3717e201b9435dab71bc17fc86cfce85') in 0.006444 seconds 
========================================================================
Received Import Request.
  Time since last request: 0.000024 seconds.
  path: Assets/Cainos/Pixel Art Top Down - Basic/Tile Palette/TP Grass/TX Tileset Grass 13.asset
  artifactKey: Guid(8143e435c2ff5f342951e4e9991c11ea) Importer(815301076,1909f56bfc062723c751e8b465ee728b)
Start importing Assets/Cainos/Pixel Art Top Down - Basic/Tile Palette/TP Grass/TX Tileset Grass 13.asset using Guid(8143e435c2ff5f342951e4e9991c11ea) Importer(815301076,1909f56bfc062723c751e8b465ee728b)  -> (artifact id: '2b8c91f7e39761b6901b4c264a0924b8') in 0.006826 seconds 
========================================================================
Received Import Request.
  Time since last request: 0.000025 seconds.
  path: Assets/Cainos/Pixel Art Top Down - Basic/Tile Palette/TP Grass/TX Tileset Grass_52.asset
  artifactKey: Guid(2576b2060c95e454e9ce0fb19d18f4b9) Importer(815301076,1909f56bfc062723c751e8b465ee728b)
Start importing Assets/Cainos/Pixel Art Top Down - Basic/Tile Palette/TP Grass/TX Tileset Grass_52.asset using Guid(2576b2060c95e454e9ce0fb19d18f4b9) Importer(815301076,1909f56bfc062723c751e8b465ee728b)  -> (artifact id: '38ac28403cd98c24133ae632e9fb3d65') in 0.007506 seconds 
========================================================================
Received Import Request.
  Time since last request: 0.000025 seconds.
  path: Assets/Cainos/Pixel Art Top Down - Basic/Tile Palette/TP Grass/TX Tileset Grass_59.asset
  artifactKey: Guid(cdf8801e81d05d149ac589cebd5e1dd8) Importer(815301076,1909f56bfc062723c751e8b465ee728b)
Start importing Assets/Cainos/Pixel Art Top Down - Basic/Tile Palette/TP Grass/TX Tileset Grass_59.asset using Guid(cdf8801e81d05d149ac589cebd5e1dd8) Importer(815301076,1909f56bfc062723c751e8b465ee728b)  -> (artifact id: '6315ff94cffea3022a6b2a7cf2557504') in 0.005642 seconds 
========================================================================
Received Import Request.
  Time since last request: 0.000021 seconds.
  path: Assets/Cainos/Pixel Art Top Down - Basic/Tile Palette/TP Grass/TX Tileset Grass_55.asset
  artifactKey: Guid(7545dac8dcb9b6a48aa8ff5fd623e811) Importer(815301076,1909f56bfc062723c751e8b465ee728b)
Start importing Assets/Cainos/Pixel Art Top Down - Basic/Tile Palette/TP Grass/TX Tileset Grass_55.asset using Guid(7545dac8dcb9b6a48aa8ff5fd623e811) Importer(815301076,1909f56bfc062723c751e8b465ee728b)  -> (artifact id: '9a92cf86260f468935da8097be684809') in 0.006953 seconds 
Editor requested this worker to shutdown with reason: Scaling down because of idle timeout
AssetImportWorker is now disconnected from the server
Process exiting
Exiting without the bug reporter. Application will terminate with return code 0